<?xml version="1.0" encoding="UTF-8"?>
<testng-results skipped="0" failed="0" ignored="0" total="2" passed="2">
  <reporter-output>
  </reporter-output>
  <suite name="Default suite" duration-ms="26404" started-at="2020-01-10T11:02:19Z" finished-at="2020-01-10T11:02:45Z">
    <groups>
    </groups>
    <test name="Default test" duration-ms="26404" started-at="2020-01-10T11:02:19Z" finished-at="2020-01-10T11:02:45Z">
      <class name="myGoogleText.verifyGooglePage">
        <test-method status="PASS" signature="startapp()[pri:0, instance:myGoogleText.verifyGooglePage@59fa1d9b]" name="startapp" is-config="true" duration-ms="13426" started-at="2020-01-10T11:02:19Z" finished-at="2020-01-10T11:02:32Z">
          <reporter-output>
          </reporter-output>
        </test-method> <!-- startapp -->
        <test-method status="PASS" signature="checktitle()[pri:0, instance:myGoogleText.verifyGooglePage@59fa1d9b]" name="checktitle" duration-ms="23" started-at="2020-01-10T11:02:32Z" finished-at="2020-01-10T11:02:32Z">
          <reporter-output>
          </reporter-output>
        </test-method> <!-- checktitle -->
        <test-method status="PASS" signature="closebrowser()[pri:0, instance:myGoogleText.verifyGooglePage@59fa1d9b]" name="closebrowser" is-config="true" duration-ms="775" started-at="2020-01-10T11:02:32Z" finished-at="2020-01-10T11:02:33Z">
          <reporter-output>
          </reporter-output>
        </test-method> <!-- closebrowser -->
        <test-method status="PASS" signature="startapp()[pri:0, instance:myGoogleText.verifyGooglePage@59fa1d9b]" name="startapp" is-config="true" duration-ms="11230" started-at="2020-01-10T11:02:33Z" finished-at="2020-01-10T11:02:44Z">
          <reporter-output>
          </reporter-output>
        </test-method> <!-- startapp -->
        <test-method status="PASS" signature="checklogo()[pri:1, instance:myGoogleText.verifyGooglePage@59fa1d9b]" name="checklogo" duration-ms="123" started-at="2020-01-10T11:02:44Z" finished-at="2020-01-10T11:02:44Z">
          <reporter-output>
          </reporter-output>
        </test-method> <!-- checklogo -->
        <test-method status="PASS" signature="closebrowser()[pri:0, instance:myGoogleText.verifyGooglePage@59fa1d9b]" name="closebrowser" is-config="true" duration-ms="794" started-at="2020-01-10T11:02:44Z" finished-at="2020-01-10T11:02:45Z">
          <reporter-output>
          </reporter-output>
        </test-method> <!-- closebrowser -->
      </class> <!-- myGoogleText.verifyGooglePage -->
    </test> <!-- Default test -->
  </suite> <!-- Default suite -->
</testng-results>
